\BOOKMARK [1][-]{section.1}{\376\377\116\011\211\322\167\351\226\065\166\204\166\364\143\245\211\343\154\325}{}% 1
\BOOKMARK [2][-]{subsection.1.1}{\376\377\124\016\116\343\154\325}{section.1}% 2
\BOOKMARK [2][-]{subsection.1.2}{\376\377\213\357\135\356\122\006\147\220}{section.1}% 3
\BOOKMARK [2][-]{subsection.1.3}{\376\377\133\371\211\322\123\140\117\030\116\011\211\322\167\351\226\065}{section.1}% 4
\BOOKMARK [2][-]{subsection.1.4}{\376\377\136\166\210\114\173\227\154\325}{section.1}% 5
\BOOKMARK [1][-]{section.2}{\376\377\116\000\202\054\167\351\226\065\166\204\000G\000a\000u\000s\000s\155\210\121\103\154\325\124\214\000L\000U\122\006\211\343}{}% 6
\BOOKMARK [2][-]{subsection.2.1}{\376\377\123\237\131\313\000G\000a\000u\000s\000s\155\210\121\103\154\325}{section.2}% 7
\BOOKMARK [2][-]{subsection.2.2}{\376\377\220\011\123\326\116\073\121\103\040\024\040\024\000P\000i\000v\000o\000t\000i\000n\000g}{section.2}% 8
\BOOKMARK [2][-]{subsection.2.3}{\376\377\213\357\135\356\122\006\147\220}{section.2}% 9
\BOOKMARK [2][-]{subsection.2.4}{\376\377\130\236\225\177\126\340\133\120}{section.2}% 10
\BOOKMARK [3][-]{subsubsection.2.4.1}{\376\377\133\371\211\322\123\140\117\030\167\351\226\065}{subsection.2.4}% 11
\BOOKMARK [3][-]{subsubsection.2.4.2}{\376\377\136\046\162\266\167\351\226\065}{subsection.2.4}% 12
\BOOKMARK [2][-]{subsection.2.5}{\376\377\000L\000U\122\006\211\343\166\204\172\063\133\232\140\047}{section.2}% 13
\BOOKMARK [1][-]{section.3}{\376\377\153\143\133\232\167\351\226\065\166\204\000C\000h\000o\000l\000e\000s\000k\000y\122\006\211\343}{}% 14
\BOOKMARK [2][-]{subsection.3.1}{\376\377\000C\000h\000o\000l\000e\000s\000k\000y\122\006\211\343}{section.3}% 15
\BOOKMARK [3][-]{subsubsection.3.1.1}{\376\377\000C\000h\000o\000l\000e\000s\000k\000y\122\006\211\343\166\204\213\357\135\356\122\006\147\220}{subsection.3.1}% 16
\BOOKMARK [3][-]{subsubsection.3.1.2}{\376\377\000C\000h\000o\000l\000e\000s\000k\000y\122\006\211\343\166\204\172\063\133\232\140\047}{subsection.3.1}% 17
\BOOKMARK [2][-]{subsection.3.2}{\376\377\123\112\153\143\133\232\167\351\226\065}{section.3}% 18
\BOOKMARK [3][-]{subsubsection.3.2.1}{\376\377\142\160\122\250\122\006\147\220}{subsection.3.2}% 19
\BOOKMARK [3][-]{subsubsection.3.2.2}{\376\377\213\357\135\356\122\006\147\220}{subsection.3.2}% 20
\BOOKMARK [2][-]{subsection.3.3}{\376\377\133\371\171\360\220\350\122\006\166\204\153\143\133\232\140\047}{section.3}% 21
\BOOKMARK [1][-]{section.4}{\376\377\133\371\171\360\167\351\226\065\166\204\000L\000D\000L\000-\000T\122\006\211\343}{}% 22
\BOOKMARK [2][-]{subsection.4.1}{\376\377\122\006\127\127\000L\000D\000L\000-\000T\122\006\211\343}{section.4}% 23
\BOOKMARK [3][-]{subsubsection.4.1.1}{\376\377\133\214\121\150\116\073\121\103\173\126\165\145}{subsection.4.1}% 24
\BOOKMARK [3][-]{subsubsection.4.1.2}{\376\377\220\350\122\006\116\073\121\103\173\126\165\145}{subsection.4.1}% 25
\BOOKMARK [3][-]{subsubsection.4.1.3}{\376\377\000R\000o\000o\000k\173\126\165\145}{subsection.4.1}% 26
