\BOOKMARK [1][-]{section.1}{\376\377\123\344\121\170\217\355\116\343\154\325\040\024\040\024\167\351\226\065\122\006\122\162}{}% 1
\BOOKMARK [2][-]{subsection.1.1}{\376\377\000J\000a\000c\000o\000b\000i\217\355\116\343\154\325\377\014\000G\000a\000u\000s\000s\000-\000S\000e\000i\000d\000e\000l\217\355\116\343\154\325\377\014\000S\000O\000R\217\355\116\343\154\325}{section.1}% 2
\BOOKMARK [2][-]{subsection.1.2}{\376\377\145\066\145\133\140\047\122\006\147\220}{section.1}% 3
\BOOKMARK [3][-]{subsubsection.1.2.1}{\376\377\000J\000a\000c\000o\000b\000i\217\355\116\343\124\214\000G\000a\000u\000s\000s\000-\000S\000e\000i\000d\000e\000l\217\355\116\343\166\204\145\066\145\133\140\047}{subsection.1.2}% 4
\BOOKMARK [3][-]{subsubsection.1.2.2}{\376\377\000S\000O\000R\217\355\116\343\166\204\145\066\145\133\140\047}{subsection.1.2}% 5
\BOOKMARK [3][-]{subsubsection.1.2.3}{\376\377\145\066\145\133\220\037\136\246}{subsection.1.2}% 6
\BOOKMARK [3][-]{subsubsection.1.2.4}{\376\377\152\041\127\213\225\356\230\230}{subsection.1.2}% 7
\BOOKMARK [2][-]{subsection.1.3}{\376\377\213\357\135\356\122\006\147\220}{section.1}% 8
\BOOKMARK [3][-]{subsubsection.1.3.1}{\376\377\122\115\124\021\213\357\135\356\122\006\147\220}{subsection.1.3}% 9
\BOOKMARK [3][-]{subsubsection.1.3.2}{\376\377\124\016\124\021\213\357\135\356\122\006\147\220}{subsection.1.3}% 10
\BOOKMARK [1][-]{section.2}{\376\377\163\260\116\343\217\355\116\343\154\325\040\024\040\024\172\172\225\364\142\225\137\161}{}% 11
\BOOKMARK [2][-]{subsection.2.1}{\376\377\142\225\137\161\145\271\154\325}{section.2}% 12
\BOOKMARK [3][-]{subsubsection.2.1.1}{\376\377\142\225\137\161\167\351\226\065}{subsection.2.1}% 13
\BOOKMARK [3][-]{subsubsection.2.1.2}{\376\377\147\000\117\030\123\026\137\142\137\017}{subsection.2.1}% 14
\BOOKMARK [3][-]{subsubsection.2.1.3}{\376\377\142\225\137\161\154\325\166\204\167\351\226\065\210\150\171\072\124\214\213\357\135\356\165\114}{subsection.2.1}% 15
\BOOKMARK [2][-]{subsection.2.2}{\376\377\116\000\176\364\142\225\137\161\145\271\154\325}{section.2}% 16
\BOOKMARK [3][-]{subsubsection.2.2.1}{\376\377\147\000\220\037\116\013\226\115\154\325}{subsection.2.2}% 17
\BOOKMARK [3][-]{subsubsection.2.2.2}{\376\377\147\000\134\017\153\213\135\356\154\325}{subsection.2.2}% 18
\BOOKMARK [3][-]{subsubsection.2.2.3}{\376\377\153\213\135\356\116\013\226\115\154\325}{subsection.2.2}% 19
\BOOKMARK [2][-]{subsection.2.3}{\376\377\000K\000r\000y\000l\000o\000v\145\271\154\325}{section.2}% 20
\BOOKMARK [3][-]{subsubsection.2.3.1}{\376\377\000A\000r\000n\000o\000l\000d\000i\173\227\154\325}{subsection.2.3}% 21
\BOOKMARK [3][-]{subsubsection.2.3.2}{\376\377\133\214\121\150\153\143\116\244\123\026\145\271\154\325}{subsection.2.3}% 22
\BOOKMARK [3][-]{subsubsection.2.3.3}{\376\377\136\177\116\111\147\000\134\017\153\213\135\356\145\271\154\325}{subsection.2.3}% 23
\BOOKMARK [3][-]{subsubsection.2.3.4}{\376\377\133\371\171\360\000L\000a\000n\000c\000z\000o\000s\173\227\154\325}{subsection.2.3}% 24
\BOOKMARK [3][-]{subsubsection.2.3.5}{\376\377\121\161\217\155\150\257\136\246\154\325}{subsection.2.3}% 25
