\BOOKMARK [1][-]{section.1}{\376\377\000Q\000R\122\006\211\343}{}% 1
\BOOKMARK [2][-]{subsection.1.1}{\376\377\000H\000o\000u\000s\000e\000h\000o\000l\000d\000e\000r\123\330\143\142}{section.1}% 2
\BOOKMARK [3][-]{subsubsection.1.1.1}{\376\377\127\372\116\216\000H\000o\000u\000s\000e\000h\000o\000l\000d\000e\000r\123\330\143\142\166\204\000Q\000R\122\006\211\343\172\063\133\232\140\047}{subsection.1.1}% 3
\BOOKMARK [2][-]{subsection.1.2}{\376\377\000G\000i\000v\000e\000n\000s\145\313\217\154}{section.1}% 4
\BOOKMARK [2][-]{subsection.1.3}{\376\377\000G\000r\000a\000m\000-\000S\000c\000h\000m\000i\000d\000t\153\143\116\244\123\026}{section.1}% 5
\BOOKMARK [1][-]{section.2}{\376\377\147\000\134\017\116\214\116\130\225\356\230\230}{}% 6
\BOOKMARK [2][-]{subsection.2.1}{\376\377\153\143\116\244\122\006\211\343\154\325}{section.2}% 7
\BOOKMARK [3][-]{subsubsection.2.1.1}{\376\377\117\177\165\050\000M\000G\000S\154\102\211\343\147\000\134\017\116\214\116\130\225\356\230\230}{subsection.2.1}% 8
\BOOKMARK [3][-]{subsubsection.2.1.2}{\376\377\117\177\165\050\000H\000o\000u\000s\000e\000h\000o\000l\000d\000e\000r\123\330\143\142\154\102\211\343\147\000\134\017\116\214\116\130\225\356\230\230}{subsection.2.1}% 9
\BOOKMARK [3][-]{subsubsection.2.1.3}{\376\377\117\177\165\050\000S\000V\000D\122\006\211\343\154\102\211\343\147\000\134\017\116\214\116\130\225\356\230\230}{subsection.2.1}% 10
\BOOKMARK [2][-]{subsection.2.2}{\376\377\153\143\211\304\145\271\172\013}{section.2}% 11
\BOOKMARK [2][-]{subsection.2.3}{\376\377\213\357\135\356\122\006\147\220}{section.2}% 12
\BOOKMARK [1][-]{section.3}{\376\377\162\171\137\201\120\074\225\356\230\230}{}% 13
\BOOKMARK [2][-]{subsection.3.1}{\376\377\145\117\141\037\140\047\122\006\147\220}{section.3}% 14
\BOOKMARK [3][-]{subsubsection.3.1.1}{\376\377\162\171\137\201\120\074\166\204\145\117\141\037\140\047}{subsection.3.1}% 15
\BOOKMARK [3][-]{subsubsection.3.1.2}{\376\377\162\171\137\201\124\021\221\317\166\204\145\117\141\037\140\047}{subsection.3.1}% 16
\BOOKMARK [2][-]{subsection.3.2}{\376\377\136\102\154\325\124\214\123\315\136\102\154\325}{section.3}% 17
\BOOKMARK [3][-]{subsubsection.3.2.1}{\376\377\000R\000a\000y\000l\000e\000i\000g\000h\125\106}{subsection.3.2}% 18
\BOOKMARK [2][-]{subsection.3.3}{\376\377\000F\000r\000a\000n\000c\000i\000s\173\227\154\325}{section.3}% 19
\BOOKMARK [3][-]{subsubsection.3.3.1}{\376\377\000S\000c\000h\000u\000r\122\006\211\343}{subsection.3.3}% 20
\BOOKMARK [3][-]{subsubsection.3.3.2}{\376\377\116\012\000H\000e\000s\000s\000e\000n\000b\000e\000r\000g\123\026}{subsection.3.3}% 21
\BOOKMARK [3][-]{subsubsection.3.3.3}{\376\377\116\000\226\066\000F\000r\000a\000n\000c\000i\000s\217\355\116\343}{subsection.3.3}% 22
\BOOKMARK [3][-]{subsubsection.3.3.4}{\376\377\116\214\226\066\000F\000r\000a\000n\000c\000i\000s\217\355\116\343}{subsection.3.3}% 23
