\BOOKMARK [1][-]{section.1}{\376\377\136\070\165\050\135\356\122\006\150\074\137\017}{}% 1
\BOOKMARK [1][-]{section.2}{\376\377\142\233\162\151\145\271\172\013}{}% 2
\BOOKMARK [2][-]{subsection.2.1}{\376\377\116\000\176\364\160\355\145\271\172\013}{section.2}% 3
\BOOKMARK [2][-]{subsection.2.2}{\376\377\116\214\176\364\142\151\145\143\145\271\172\013}{section.2}% 4
\BOOKMARK [3][-]{subsubsection.2.2.1}{\376\377\171\357\122\006\145\271\172\013}{subsection.2.2}% 5
\BOOKMARK [3][-]{subsubsection.2.2.2}{\376\377\167\351\226\065\137\142\137\017}{subsection.2.2}% 6
\BOOKMARK [3][-]{subsubsection.2.2.3}{\376\377\000A\000D\000I\145\271\154\325}{subsection.2.2}% 7
\BOOKMARK [3][-]{subsubsection.2.2.4}{\376\377\116\015\211\304\122\031\123\072\127\337}{subsection.2.2}% 8
\BOOKMARK [2][-]{subsection.2.3}{\376\377\176\277\140\047\123\330\174\373\145\160\142\151\145\143\145\271\172\013}{section.2}% 9
\BOOKMARK [3][-]{subsubsection.2.3.1}{\376\377\134\100\220\350\121\273\176\323}{subsection.2.3}% 10
\BOOKMARK [3][-]{subsubsection.2.3.2}{\376\377\171\357\122\006\143\322\120\074}{subsection.2.3}% 11
\BOOKMARK [2][-]{subsection.2.4}{\376\377\227\136\176\277\140\047\142\151\145\143\145\271\172\013}{section.2}% 12
\BOOKMARK [1][-]{section.3}{\376\377\123\314\146\362\145\271\172\013}{}% 13
\BOOKMARK [2][-]{subsection.3.1}{\376\377\000C\000F\000L\147\141\116\366}{section.3}% 14
\BOOKMARK [2][-]{subsection.3.2}{\376\377\116\272\135\345\217\271\165\114\147\141\116\366}{section.3}% 15
\BOOKMARK [2][-]{subsection.3.3}{\376\377\176\277\140\047\123\330\174\373\145\160\133\371\155\101\145\271\172\013}{section.3}% 16
\BOOKMARK [2][-]{subsection.3.4}{\376\377\210\114\154\342\145\271\172\013\176\304}{section.3}% 17
\BOOKMARK [3][-]{subsubsection.3.4.1}{\376\377\155\101\122\006\122\162\154\325}{subsection.3.4}% 18
\BOOKMARK [3][-]{subsubsection.3.4.2}{\376\377\133\371\155\101\142\151\145\143\145\271\172\013\176\304}{subsection.3.4}% 19
\BOOKMARK [3][-]{subsubsection.3.4.3}{\376\377\145\271\172\013\176\304\166\204\000C\000F\000L\147\141\116\366}{subsection.3.4}% 20
\BOOKMARK [3][-]{subsubsection.3.4.4}{\376\377\131\032\134\102\150\074\137\017}{subsection.3.4}% 21
\BOOKMARK [2][-]{subsection.3.5}{\376\377\154\342\122\250\145\271\172\013}{section.3}% 22
\BOOKMARK [3][-]{subsubsection.3.5.1}{\376\377\166\364\143\245\171\273\145\143}{subsection.3.5}% 23
\BOOKMARK [3][-]{subsubsection.3.5.2}{\376\377\225\364\143\245\171\273\145\143}{subsection.3.5}% 24
\BOOKMARK [2][-]{subsection.3.6}{\376\377\116\214\176\364\210\114\154\342\145\271\172\013}{section.3}% 25
\BOOKMARK [2][-]{subsection.3.7}{\376\377\227\136\176\277\140\047\123\314\146\362\133\210\140\122\137\213}{section.3}% 26
\BOOKMARK [1][-]{section.4}{\376\377\151\055\127\006\145\271\172\013}{}% 27
\BOOKMARK [2][-]{subsection.4.1}{\376\377\116\224\160\271\150\074\137\017}{section.4}% 28
\BOOKMARK [2][-]{subsection.4.2}{\376\377\116\135\160\271\150\074\137\017}{section.4}% 29
\BOOKMARK [2][-]{subsection.4.3}{\376\377\147\000\131\047\152\041\117\060\213\241}{section.4}% 30
