\BOOKMARK [1][-]{section.1}{\376\377\123\330\122\006\225\356\230\230}{}% 1
\BOOKMARK [2][-]{subsection.1.1}{\376\377\137\061\211\343\123\312\121\166\133\130\127\050\125\057\116\000\140\047}{section.1}% 2
\BOOKMARK [2][-]{subsection.1.2}{\376\377\116\011\174\173\137\142\137\017\225\364\166\204\121\163\174\373}{section.1}% 3
\BOOKMARK [3][-]{subsubsection.1.2.1}{\376\377\201\352\117\064\226\217\151\055\127\006\225\356\230\230}{subsection.1.2}% 4
\BOOKMARK [1][-]{section.2}{\376\377\122\006\162\107\176\277\140\047\147\011\226\120\121\103}{}% 5
\BOOKMARK [2][-]{subsection.2.1}{\376\377\122\006\162\107\176\277\140\047\127\372\121\375\145\160}{section.2}% 6
\BOOKMARK [2][-]{subsection.2.2}{\376\377\167\351\226\065\137\142\137\017}{section.2}% 7
\BOOKMARK [2][-]{subsection.2.3}{\376\377\121\110\232\214\213\357\135\356\117\060\213\241}{section.2}% 8
\BOOKMARK [3][-]{subsubsection.2.3.1}{\376\377\000C\000\351\000a\137\025\164\006}{subsection.2.3}% 9
\BOOKMARK [3][-]{subsubsection.2.3.2}{\376\377\122\006\162\107\176\277\140\047\121\375\145\160\143\322\120\074}{subsection.2.3}% 10
\BOOKMARK [3][-]{subsubsection.2.3.3}{\376\377\200\375\221\317\203\003\145\160\116\013\166\204\147\000\117\030\213\357\135\356\165\114}{subsection.2.3}% 11
\BOOKMARK [3][-]{subsubsection.2.3.4}{\376\377\176\277\140\047\147\011\226\120\121\103\154\325\154\102\211\343\133\236\117\213}{subsection.2.3}% 12
\BOOKMARK [3][-]{subsubsection.2.3.5}{\376\377\000L\0002\203\003\145\160\203\003\145\160\116\013\166\204\147\000\117\030\213\357\135\356\165\114}{subsection.2.3}% 13
\BOOKMARK [1][-]{section.3}{\376\377\122\006\162\107\131\032\230\171\137\017\147\011\226\120\121\103}{}% 14
\BOOKMARK [2][-]{subsection.3.1}{\376\377\147\011\226\120\121\103}{section.3}% 15
\BOOKMARK [2][-]{subsection.3.2}{\376\377\116\011\211\322\147\011\226\120\121\103}{section.3}% 16
\BOOKMARK [3][-]{subsubsection.3.2.1}{\376\377\000L\000a\000g\000r\000a\000n\000g\000e\121\103}{subsection.3.2}% 17
\BOOKMARK [3][-]{subsubsection.3.2.2}{\376\377\000H\000e\000r\000m\000i\000t\000e\121\103}{subsection.3.2}% 18
\BOOKMARK [2][-]{subsection.3.3}{\376\377\143\322\120\074}{section.3}% 19
\BOOKMARK [2][-]{subsection.3.4}{\376\377\167\351\137\142\147\011\226\120\121\103}{section.3}% 20
\BOOKMARK [2][-]{subsection.3.5}{\376\377\000S\000o\000b\000o\000l\000e\000v\172\172\225\364\116\055\166\204\131\032\230\171\137\017\220\074\217\321}{section.3}% 21
\BOOKMARK [3][-]{subsubsection.3.5.1}{\376\377\000B\000r\000a\000m\000b\000l\000e\000-\000H\000i\000l\000b\000e\000r\000t\137\025\164\006}{subsection.3.5}% 22
\BOOKMARK [3][-]{subsubsection.3.5.2}{\376\377\121\110\232\214\213\357\135\356\117\060\213\241}{subsection.3.5}% 23
\BOOKMARK [3][-]{subsubsection.3.5.3}{\376\377\147\000\117\030\213\357\135\356\165\114}{subsection.3.5}% 24
\BOOKMARK [1][-]{section.4}{\376\377\124\016\232\214\213\357\135\356\117\060\213\241}{}% 25
