\BOOKMARK [1][-]{section.1}{\376\377\000H\000\366\000l\000d\000e\000r\172\172\225\364}{}% 1
\BOOKMARK [1][-]{section.2}{\376\377\000S\000o\000b\000o\000l\000e\000v\172\172\225\364}{}% 2
\BOOKMARK [2][-]{subsection.2.1}{\376\377\137\061\133\374\145\160}{section.2}% 3
\BOOKMARK [2][-]{subsection.2.2}{\376\377\000S\000o\000b\000o\000l\000e\000v\172\172\225\364\166\204\133\232\116\111}{section.2}% 4
\BOOKMARK [2][-]{subsection.2.3}{\376\377\116\000\116\233\140\047\215\050}{section.2}% 5
\BOOKMARK [1][-]{section.3}{\376\377\000S\000o\000b\000o\000l\000e\000v\172\172\225\364\116\055\166\204\220\074\217\321}{}% 6
\BOOKMARK [2][-]{subsection.3.1}{\376\377\121\111\156\321\121\375\145\160\127\050\121\205\160\271\131\004\166\204\220\074\217\321}{section.3}% 7
\BOOKMARK [2][-]{subsection.3.2}{\376\377\121\111\156\321\121\375\145\160\127\050\000S\000o\000b\000o\000l\000e\000v\172\172\225\364\116\012\166\204\220\074\217\321}{section.3}% 8
\BOOKMARK [2][-]{subsection.3.3}{\376\377\121\111\156\321\121\375\145\160\172\172\225\364\121\205\166\204\220\074\217\321}{section.3}% 9
\BOOKMARK [1][-]{section.4}{\376\377\136\366\142\323\133\232\164\006}{}% 10
\BOOKMARK [1][-]{section.5}{\376\377\217\371\133\232\164\006}{}% 11
\BOOKMARK [1][-]{section.6}{\376\377\000S\000o\000b\000o\000l\000e\000v\116\015\173\111\137\017}{}% 12
\BOOKMARK [1][-]{section.7}{\376\377\135\114\121\145\133\232\164\006}{}% 13
\BOOKMARK [1][-]{section.8}{\376\377\116\214\226\066\151\055\127\006\145\271\172\013}{}% 14
\BOOKMARK [2][-]{subsection.8.1}{\376\377\137\061\211\343}{section.8}% 15
\BOOKMARK [2][-]{subsection.8.2}{\376\377\133\130\127\050\140\047\124\214\125\057\116\000\140\047}{section.8}% 16
\BOOKMARK [2][-]{subsection.8.3}{\376\377\000F\000r\000e\000d\000h\000o\000l\000m\146\377\116\343}{section.8}% 17
\BOOKMARK [2][-]{subsection.8.4}{\376\377\153\143\122\031\140\047}{section.8}% 18
\BOOKMARK [3][-]{subsubsection.8.4.1}{\376\377\121\205\160\271\153\143\122\031\140\047}{subsection.8.4}% 19
\BOOKMARK [3][-]{subsubsection.8.4.2}{\376\377\217\271\165\114\153\143\122\031\140\047}{subsection.8.4}% 20
\BOOKMARK [2][-]{subsection.8.5}{\376\377\147\201\120\074\123\237\164\006}{section.8}% 21
\BOOKMARK [3][-]{subsubsection.8.5.1}{\376\377\137\061\147\201\120\074\123\237\164\006}{subsection.8.5}% 22
\BOOKMARK [3][-]{subsubsection.8.5.2}{\376\377\137\072\147\201\120\074\123\237\164\006}{subsection.8.5}% 23
\BOOKMARK [2][-]{subsection.8.6}{\376\377\162\171\137\201\120\074\225\356\230\230}{section.8}% 24
\BOOKMARK [3][-]{subsubsection.8.6.1}{\376\377\133\371\171\360\151\055\127\006\173\227\133\120}{subsection.8.6}% 25
\BOOKMARK [3][-]{subsubsection.8.6.2}{\376\377\227\136\133\371\171\360\151\055\127\006\173\227\133\120}{subsection.8.6}% 26
